The system is: Darwin - 12.3.0 - i386
Compiling the C compiler identification source file "CMakeCCompilerId.c" succeeded.
Compiler:  
Build flags: 
Id flags: 

The output was:
0
=== BUILD NATIVE TARGET CompilerIdC OF PROJECT CompilerIdC WITH THE DEFAULT CONFIGURATION (Debug) ===
Check dependencies

CompileC ./CompilerIdC.build/Debug/CompilerIdC.build/Objects-normal/i386/CMakeCCompilerId.o CMakeCCompilerId.c normal i386 c com.apple.compilers.llvm.clang.1_0.compiler
    cd /Users/arkygeek/QtProjects/macsur-adapter/src/MacsurAdapter/buildXcode/CMakeFiles/2.8.10.2/CompilerIdC
    setenv LANG en_US.US-ASCII
    /Applications/Xcode.app/Contents/Developer/Toolchains/XcodeDefault.xctoolchain/usr/bin/clang -x c -arch i386 -fmessage-length=0 -Wno-trigraphs -fpascal-strings -Os -Wno-missing-field-initializers -Wno-missing-prototypes -Wno-return-type -Wformat -Wno-missing-braces -Wparentheses -Wswitch -Wno-unused-function -Wno-unused-label -Wno-unused-parameter -Wno-unused-variable -Wunused-value -Wno-empty-body -Wno-uninitialized -Wno-unknown-pragmas -Wno-shadow -Wno-four-char-constants -Wno-conversion -Wno-constant-conversion -Wno-int-conversion -Wno-enum-conversion -Wno-shorten-64-to-32 -Wpointer-sign -Wno-newline-eof -fasm-blocks -fstrict-aliasing -Wdeprecated-declarations -g -fvisibility=hidden -Wno-sign-conversion -I/Users/arkygeek/QtProjects/macsur-adapter/src/MacsurAdapter/buildXcode/CMakeFiles/2.8.10.2/CompilerIdC/./CompilerIdC.build/Debug/CompilerIdC.build/CompilerIdC.hmap -I/Users/arkygeek/QtProjects/macsur-adapter/src/MacsurAdapter/buildXcode/CMakeFiles/2.8.10.2/CompilerIdC/include -I/Applications/Xcode.app/Contents/Developer/Toolchains/XcodeDefault.xctoolchain/usr/include -I/Applications/Xcode.app/Contents/Developer/Toolchains/XcodeDefault.xctoolchain/usr/include -I/Applications/Xcode.app/Contents/Developer/Toolchains/XcodeDefault.xctoolchain/usr/include -I/Users/arkygeek/QtProjects/macsur-adapter/src/MacsurAdapter/buildXcode/CMakeFiles/2.8.10.2/CompilerIdC/./CompilerIdC.build/Debug/CompilerIdC.build/DerivedSources/i386 -I/Users/arkygeek/QtProjects/macsur-adapter/src/MacsurAdapter/buildXcode/CMakeFiles/2.8.10.2/CompilerIdC/./CompilerIdC.build/Debug/CompilerIdC.build/DerivedSources -F/Users/arkygeek/QtProjects/macsur-adapter/src/MacsurAdapter/buildXcode/CMakeFiles/2.8.10.2/CompilerIdC -MMD -MT dependencies -MF /Users/arkygeek/QtProjects/macsur-adapter/src/MacsurAdapter/buildXcode/CMakeFiles/2.8.10.2/CompilerIdC/./CompilerIdC.build/Debug/CompilerIdC.build/Objects-normal/i386/CMakeCCompilerId.d --serialize-diagnostics /Users/arkygeek/QtProjects/macsur-adapter/src/MacsurAdapter/buildXcode/CMakeFiles/2.8.10.2/CompilerIdC/./CompilerIdC.build/Debug/CompilerIdC.build/Objects-normal/i386/CMakeCCompilerId.dia -c /Users/arkygeek/QtProjects/macsur-adapter/src/MacsurAdapter/buildXcode/CMakeFiles/2.8.10.2/CompilerIdC/CMakeCCompilerId.c -o /Users/arkygeek/QtProjects/macsur-adapter/src/MacsurAdapter/buildXcode/CMakeFiles/2.8.10.2/CompilerIdC/./CompilerIdC.build/Debug/CompilerIdC.build/Objects-normal/i386/CMakeCCompilerId.o

Ld ./CompilerIdC normal i386
    cd /Users/arkygeek/QtProjects/macsur-adapter/src/MacsurAdapter/buildXcode/CMakeFiles/2.8.10.2/CompilerIdC
    /Applications/Xcode.app/Contents/Developer/Toolchains/XcodeDefault.xctoolchain/usr/bin/clang -arch i386 -L/Users/arkygeek/QtProjects/macsur-adapter/src/MacsurAdapter/buildXcode/CMakeFiles/2.8.10.2/CompilerIdC -F/Users/arkygeek/QtProjects/macsur-adapter/src/MacsurAdapter/buildXcode/CMakeFiles/2.8.10.2/CompilerIdC -filelist /Users/arkygeek/QtProjects/macsur-adapter/src/MacsurAdapter/buildXcode/CMakeFiles/2.8.10.2/CompilerIdC/./CompilerIdC.build/Debug/CompilerIdC.build/Objects-normal/i386/CompilerIdC.LinkFileList -o /Users/arkygeek/QtProjects/macsur-adapter/src/MacsurAdapter/buildXcode/CMakeFiles/2.8.10.2/CompilerIdC/./CompilerIdC

PhaseScriptExecution "Run Script" ./CompilerIdC.build/Debug/CompilerIdC.build/Script-2C8FEB8E15DC1A1A00E56A5D.sh
    cd /Users/arkygeek/QtProjects/macsur-adapter/src/MacsurAdapter/buildXcode/CMakeFiles/2.8.10.2/CompilerIdC
    /bin/sh -c /Users/arkygeek/QtProjects/macsur-adapter/src/MacsurAdapter/buildXcode/CMakeFiles/2.8.10.2/CompilerIdC/./CompilerIdC.build/Debug/CompilerIdC.build/Script-2C8FEB8E15DC1A1A00E56A5D.sh
GCC_VERSION=com.apple.compilers.llvm.clang.1_0


** BUILD SUCCEEDED **



Compilation of the C compiler identification source "CMakeCCompilerId.c" produced "CompilerIdC"

The C compiler identification is Clang, found in "/Users/arkygeek/QtProjects/macsur-adapter/src/MacsurAdapter/buildXcode/CMakeFiles/2.8.10.2/CompilerIdC/CompilerIdC"

Compiling the CXX compiler identification source file "CMakeCXXCompilerId.cpp" succeeded.
Compiler:  
Build flags: 
Id flags: 

The output was:
0
=== BUILD NATIVE TARGET CompilerIdCXX OF PROJECT CompilerIdCXX WITH THE DEFAULT CONFIGURATION (Debug) ===
Check dependencies

CompileC ./CompilerIdCXX.build/Debug/CompilerIdCXX.build/Objects-normal/i386/CMakeCXXCompilerId.o CMakeCXXCompilerId.cpp normal i386 c++ com.apple.compilers.llvm.clang.1_0.compiler
    cd /Users/arkygeek/QtProjects/macsur-adapter/src/MacsurAdapter/buildXcode/CMakeFiles/2.8.10.2/CompilerIdCXX
    setenv LANG en_US.US-ASCII
    /Applications/Xcode.app/Contents/Developer/Toolchains/XcodeDefault.xctoolchain/usr/bin/clang -x c++ -arch i386 -fmessage-length=0 -Wno-trigraphs -fpascal-strings -Os -Wno-missing-field-initializers -Wno-missing-prototypes -Wno-return-type -Wno-non-virtual-dtor -Wno-overloaded-virtual -Wno-exit-time-destructors -Wformat -Wno-missing-braces -Wparentheses -Wswitch -Wno-unused-function -Wno-unused-label -Wno-unused-parameter -Wno-unused-variable -Wunused-value -Wno-empty-body -Wno-uninitialized -Wno-unknown-pragmas -Wno-shadow -Wno-four-char-constants -Wno-conversion -Wno-constant-conversion -Wno-int-conversion -Wno-enum-conversion -Wno-shorten-64-to-32 -Wno-newline-eof -Wno-c++11-extensions -fasm-blocks -fstrict-aliasing -Wdeprecated-declarations -Winvalid-offsetof -g -fvisibility=hidden -fvisibility-inlines-hidden -Wno-sign-conversion -I/Users/arkygeek/QtProjects/macsur-adapter/src/MacsurAdapter/buildXcode/CMakeFiles/2.8.10.2/CompilerIdCXX/./CompilerIdCXX.build/Debug/CompilerIdCXX.build/CompilerIdCXX.hmap -I/Users/arkygeek/QtProjects/macsur-adapter/src/MacsurAdapter/buildXcode/CMakeFiles/2.8.10.2/CompilerIdCXX/include -I/Applications/Xcode.app/Contents/Developer/Toolchains/XcodeDefault.xctoolchain/usr/include -I/Applications/Xcode.app/Contents/Developer/Toolchains/XcodeDefault.xctoolchain/usr/include -I/Applications/Xcode.app/Contents/Developer/Toolchains/XcodeDefault.xctoolchain/usr/include -I/Users/arkygeek/QtProjects/macsur-adapter/src/MacsurAdapter/buildXcode/CMakeFiles/2.8.10.2/CompilerIdCXX/./CompilerIdCXX.build/Debug/CompilerIdCXX.build/DerivedSources/i386 -I/Users/arkygeek/QtProjects/macsur-adapter/src/MacsurAdapter/buildXcode/CMakeFiles/2.8.10.2/CompilerIdCXX/./CompilerIdCXX.build/Debug/CompilerIdCXX.build/DerivedSources -F/Users/arkygeek/QtProjects/macsur-adapter/src/MacsurAdapter/buildXcode/CMakeFiles/2.8.10.2/CompilerIdCXX -MMD -MT dependencies -MF /Users/arkygeek/QtProjects/macsur-adapter/src/MacsurAdapter/buildXcode/CMakeFiles/2.8.10.2/CompilerIdCXX/./CompilerIdCXX.build/Debug/CompilerIdCXX.build/Objects-normal/i386/CMakeCXXCompilerId.d --serialize-diagnostics /Users/arkygeek/QtProjects/macsur-adapter/src/MacsurAdapter/buildXcode/CMakeFiles/2.8.10.2/CompilerIdCXX/./CompilerIdCXX.build/Debug/CompilerIdCXX.build/Objects-normal/i386/CMakeCXXCompilerId.dia -c /Users/arkygeek/QtProjects/macsur-adapter/src/MacsurAdapter/buildXcode/CMakeFiles/2.8.10.2/CompilerIdCXX/CMakeCXXCompilerId.cpp -o /Users/arkygeek/QtProjects/macsur-adapter/src/MacsurAdapter/buildXcode/CMakeFiles/2.8.10.2/CompilerIdCXX/./CompilerIdCXX.build/Debug/CompilerIdCXX.build/Objects-normal/i386/CMakeCXXCompilerId.o

Ld ./CompilerIdCXX normal i386
    cd /Users/arkygeek/QtProjects/macsur-adapter/src/MacsurAdapter/buildXcode/CMakeFiles/2.8.10.2/CompilerIdCXX
    /Applications/Xcode.app/Contents/Developer/Toolchains/XcodeDefault.xctoolchain/usr/bin/clang++ -arch i386 -L/Users/arkygeek/QtProjects/macsur-adapter/src/MacsurAdapter/buildXcode/CMakeFiles/2.8.10.2/CompilerIdCXX -F/Users/arkygeek/QtProjects/macsur-adapter/src/MacsurAdapter/buildXcode/CMakeFiles/2.8.10.2/CompilerIdCXX -filelist /Users/arkygeek/QtProjects/macsur-adapter/src/MacsurAdapter/buildXcode/CMakeFiles/2.8.10.2/CompilerIdCXX/./CompilerIdCXX.build/Debug/CompilerIdCXX.build/Objects-normal/i386/CompilerIdCXX.LinkFileList -o /Users/arkygeek/QtProjects/macsur-adapter/src/MacsurAdapter/buildXcode/CMakeFiles/2.8.10.2/CompilerIdCXX/./CompilerIdCXX

PhaseScriptExecution "Run Script" ./CompilerIdCXX.build/Debug/CompilerIdCXX.build/Script-2C8FEB8E15DC1A1A00E56A5D.sh
    cd /Users/arkygeek/QtProjects/macsur-adapter/src/MacsurAdapter/buildXcode/CMakeFiles/2.8.10.2/CompilerIdCXX
    /bin/sh -c /Users/arkygeek/QtProjects/macsur-adapter/src/MacsurAdapter/buildXcode/CMakeFiles/2.8.10.2/CompilerIdCXX/./CompilerIdCXX.build/Debug/CompilerIdCXX.build/Script-2C8FEB8E15DC1A1A00E56A5D.sh
GCC_VERSION=com.apple.compilers.llvm.clang.1_0


** BUILD SUCCEEDED **



Compilation of the CXX compiler identification source "CMakeCXXCompilerId.cpp" produced "CompilerIdCXX"

The CXX compiler identification is Clang, found in "/Users/arkygeek/QtProjects/macsur-adapter/src/MacsurAdapter/buildXcode/CMakeFiles/2.8.10.2/CompilerIdCXX/CompilerIdCXX"

Determining if the C compiler works passed with the following output:
Change Dir: /Users/arkygeek/QtProjects/macsur-adapter/src/MacsurAdapter/buildXcode/CMakeFiles/CMakeTmp

Run Build Command:/Applications/CMake\ 2.8-10.app/Contents/bin/cmakexbuild -project CMAKE_TRY_COMPILE.xcodeproj build -target cmTryCompileExec3675265423 -configuration Debug
=== BUILD NATIVE TARGET cmTryCompileExec3675265423 OF PROJECT CMAKE_TRY_COMPILE WITH CONFIGURATION Debug ===
Check dependencies

CompileC CMAKE_TRY_COMPILE.build/Debug/cmTryCompileExec3675265423.build/Objects-normal/x86_64/testCCompiler.o testCCompiler.c normal x86_64 c com.apple.compilers.llvm.clang.1_0.compiler
    cd /Users/arkygeek/QtProjects/macsur-adapter/src/MacsurAdapter/buildXcode/CMakeFiles/CMakeTmp
    /Applications/Xcode.app/Contents/Developer/Toolchains/XcodeDefault.xctoolchain/usr/bin/clang -x c -arch x86_64 -fmessage-length=0 -Wno-trigraphs -fpascal-strings -O0 -Wno-missing-field-initializers -Wno-missing-prototypes -Wno-return-type -Wformat -Wno-missing-braces -Wparentheses -Wswitch -Wno-unused-function -Wno-unused-label -Wno-unused-parameter -Wno-unused-variable -Wunused-value -Wno-empty-body -Wno-uninitialized -Wno-unknown-pragmas -Wno-shadow -Wno-four-char-constants -Wno-conversion -Wno-constant-conversion -Wno-int-conversion -Wno-enum-conversion -Wno-shorten-64-to-32 -Wpointer-sign -Wno-newline-eof "-DCMAKE_INTDIR=\"Debug\"" -isysroot /Applications/Xcode.app/Contents/Developer/Platforms/MacOSX.platform/Developer/SDKs/MacOSX10.8.sdk -fasm-blocks -fstrict-aliasing -Wdeprecated-declarations -mmacosx-version-min=10.8 -g -Wno-sign-conversion -I/Users/arkygeek/QtProjects/macsur-adapter/src/MacsurAdapter/buildXcode/CMakeFiles/CMakeTmp/Debug/include -I/Applications/Xcode.app/Contents/Developer/Toolchains/XcodeDefault.xctoolchain/usr/include -I/Applications/Xcode.app/Contents/Developer/Toolchains/XcodeDefault.xctoolchain/usr/include -I/Applications/Xcode.app/Contents/Developer/Toolchains/XcodeDefault.xctoolchain/usr/include -I/Users/arkygeek/QtProjects/macsur-adapter/src/MacsurAdapter/buildXcode/CMakeFiles/CMakeTmp/CMAKE_TRY_COMPILE.build/Debug/cmTryCompileExec3675265423.build/DerivedSources/x86_64 -I/Users/arkygeek/QtProjects/macsur-adapter/src/MacsurAdapter/buildXcode/CMakeFiles/CMakeTmp/CMAKE_TRY_COMPILE.build/Debug/cmTryCompileExec3675265423.build/DerivedSources -Wmost -Wno-four-char-constants -Wno-unknown-pragmas -F/Users/arkygeek/QtProjects/macsur-adapter/src/MacsurAdapter/buildXcode/CMakeFiles/CMakeTmp/Debug -MMD -MT dependencies -MF /Users/arkygeek/QtProjects/macsur-adapter/src/MacsurAdapter/buildXcode/CMakeFiles/CMakeTmp/CMAKE_TRY_COMPILE.build/Debug/cmTryCompileExec3675265423.build/Objects-normal/x86_64/testCCompiler.d --serialize-diagnostics /Users/arkygeek/QtProjects/macsur-adapter/src/MacsurAdapter/buildXcode/CMakeFiles/CMakeTmp/CMAKE_TRY_COMPILE.build/Debug/cmTryCompileExec3675265423.build/Objects-normal/x86_64/testCCompiler.dia -c /Users/arkygeek/QtProjects/macsur-adapter/src/MacsurAdapter/buildXcode/CMakeFiles/CMakeTmp/testCCompiler.c -o /Users/arkygeek/QtProjects/macsur-adapter/src/MacsurAdapter/buildXcode/CMakeFiles/CMakeTmp/CMAKE_TRY_COMPILE.build/Debug/cmTryCompileExec3675265423.build/Objects-normal/x86_64/testCCompiler.o

Ld Debug/cmTryCompileExec3675265423 normal x86_64
    cd /Users/arkygeek/QtProjects/macsur-adapter/src/MacsurAdapter/buildXcode/CMakeFiles/CMakeTmp
    /Applications/Xcode.app/Contents/Developer/Toolchains/XcodeDefault.xctoolchain/usr/bin/clang -arch x86_64 -isysroot /Applications/Xcode.app/Contents/Developer/Platforms/MacOSX.platform/Developer/SDKs/MacOSX10.8.sdk -L/Users/arkygeek/QtProjects/macsur-adapter/src/MacsurAdapter/buildXcode/CMakeFiles/CMakeTmp/Debug -F/Users/arkygeek/QtProjects/macsur-adapter/src/MacsurAdapter/buildXcode/CMakeFiles/CMakeTmp/Debug -filelist /Users/arkygeek/QtProjects/macsur-adapter/src/MacsurAdapter/buildXcode/CMakeFiles/CMakeTmp/CMAKE_TRY_COMPILE.build/Debug/cmTryCompileExec3675265423.build/Objects-normal/x86_64/cmTryCompileExec3675265423.LinkFileList -mmacosx-version-min=10.8 -Wl,-search_paths_first -Wl,-headerpad_max_install_names -o /Users/arkygeek/QtProjects/macsur-adapter/src/MacsurAdapter/buildXcode/CMakeFiles/CMakeTmp/Debug/cmTryCompileExec3675265423

PhaseScriptExecution "CMake PostBuild Rules" CMAKE_TRY_COMPILE.build/Debug/cmTryCompileExec3675265423.build/Script-F9884006BFC64A58991FA8BD.sh
    cd /Users/arkygeek/QtProjects/macsur-adapter/src/MacsurAdapter/buildXcode/CMakeFiles/CMakeTmp
    /bin/sh -c /Users/arkygeek/QtProjects/macsur-adapter/src/MacsurAdapter/buildXcode/CMakeFiles/CMakeTmp/CMAKE_TRY_COMPILE.build/Debug/cmTryCompileExec3675265423.build/Script-F9884006BFC64A58991FA8BD.sh
echo "Depend check for xcode"
Depend check for xcode
cd /Users/arkygeek/QtProjects/macsur-adapter/src/MacsurAdapter/buildXcode/CMakeFiles/CMakeTmp && make -C /Users/arkygeek/QtProjects/macsur-adapter/src/MacsurAdapter/buildXcode/CMakeFiles/CMakeTmp -f /Users/arkygeek/QtProjects/macsur-adapter/src/MacsurAdapter/buildXcode/CMakeFiles/CMakeTmp/CMakeScripts/XCODE_DEPEND_HELPER.make PostBuild.cmTryCompileExec3675265423.Debug
make[1]: Nothing to be done for `PostBuild.cmTryCompileExec3675265423.Debug'.


** BUILD SUCCEEDED **



Detecting C compiler ABI info compiled with the following output:
Change Dir: /Users/arkygeek/QtProjects/macsur-adapter/src/MacsurAdapter/buildXcode/CMakeFiles/CMakeTmp

Run Build Command:/Applications/CMake\ 2.8-10.app/Contents/bin/cmakexbuild -project CMAKE_TRY_COMPILE.xcodeproj build -target cmTryCompileExec1538977155 -configuration Debug
=== BUILD NATIVE TARGET cmTryCompileExec1538977155 OF PROJECT CMAKE_TRY_COMPILE WITH CONFIGURATION Debug ===
Check dependencies

CompileC CMAKE_TRY_COMPILE.build/Debug/cmTryCompileExec1538977155.build/Objects-normal/x86_64/CMakeCCompilerABI.o "../../../../../../../../../Applications/CMake 2.8-10.app/Contents/share/cmake-2.8/Modules/CMakeCCompilerABI.c" normal x86_64 c com.apple.compilers.llvm.clang.1_0.compiler
    cd /Users/arkygeek/QtProjects/macsur-adapter/src/MacsurAdapter/buildXcode/CMakeFiles/CMakeTmp
    /Applications/Xcode.app/Contents/Developer/Toolchains/XcodeDefault.xctoolchain/usr/bin/clang -x c -arch x86_64 -fmessage-length=0 -Wno-trigraphs -fpascal-strings -O0 -Wno-missing-field-initializers -Wno-missing-prototypes -Wno-return-type -Wformat -Wno-missing-braces -Wparentheses -Wswitch -Wno-unused-function -Wno-unused-label -Wno-unused-parameter -Wno-unused-variable -Wunused-value -Wno-empty-body -Wno-uninitialized -Wno-unknown-pragmas -Wno-shadow -Wno-four-char-constants -Wno-conversion -Wno-constant-conversion -Wno-int-conversion -Wno-enum-conversion -Wno-shorten-64-to-32 -Wpointer-sign -Wno-newline-eof "-DCMAKE_INTDIR=\"Debug\"" -isysroot /Applications/Xcode.app/Contents/Developer/Platforms/MacOSX.platform/Developer/SDKs/MacOSX10.8.sdk -fasm-blocks -fstrict-aliasing -Wdeprecated-declarations -mmacosx-version-min=10.8 -g -Wno-sign-conversion -I/Users/arkygeek/QtProjects/macsur-adapter/src/MacsurAdapter/buildXcode/CMakeFiles/CMakeTmp/Debug/include -I/Applications/Xcode.app/Contents/Developer/Toolchains/XcodeDefault.xctoolchain/usr/include -I/Applications/Xcode.app/Contents/Developer/Toolchains/XcodeDefault.xctoolchain/usr/include -I/Applications/Xcode.app/Contents/Developer/Toolchains/XcodeDefault.xctoolchain/usr/include -I/Users/arkygeek/QtProjects/macsur-adapter/src/MacsurAdapter/buildXcode/CMakeFiles/CMakeTmp/CMAKE_TRY_COMPILE.build/Debug/cmTryCompileExec1538977155.build/DerivedSources/x86_64 -I/Users/arkygeek/QtProjects/macsur-adapter/src/MacsurAdapter/buildXcode/CMakeFiles/CMakeTmp/CMAKE_TRY_COMPILE.build/Debug/cmTryCompileExec1538977155.build/DerivedSources -Wmost -Wno-four-char-constants -Wno-unknown-pragmas -F/Users/arkygeek/QtProjects/macsur-adapter/src/MacsurAdapter/buildXcode/CMakeFiles/CMakeTmp/Debug -MMD -MT dependencies -MF /Users/arkygeek/QtProjects/macsur-adapter/src/MacsurAdapter/buildXcode/CMakeFiles/CMakeTmp/CMAKE_TRY_COMPILE.build/Debug/cmTryCompileExec1538977155.build/Objects-normal/x86_64/CMakeCCompilerABI.d --serialize-diagnostics /Users/arkygeek/QtProjects/macsur-adapter/src/MacsurAdapter/buildXcode/CMakeFiles/CMakeTmp/CMAKE_TRY_COMPILE.build/Debug/cmTryCompileExec1538977155.build/Objects-normal/x86_64/CMakeCCompilerABI.dia -c "/Users/arkygeek/QtProjects/macsur-adapter/src/MacsurAdapter/buildXcode/CMakeFiles/CMakeTmp/../../../../../../../../../Applications/CMake 2.8-10.app/Contents/share/cmake-2.8/Modules/CMakeCCompilerABI.c" -o /Users/arkygeek/QtProjects/macsur-adapter/src/MacsurAdapter/buildXcode/CMakeFiles/CMakeTmp/CMAKE_TRY_COMPILE.build/Debug/cmTryCompileExec1538977155.build/Objects-normal/x86_64/CMakeCCompilerABI.o

Ld Debug/cmTryCompileExec1538977155 normal x86_64
    cd /Users/arkygeek/QtProjects/macsur-adapter/src/MacsurAdapter/buildXcode/CMakeFiles/CMakeTmp
    /Applications/Xcode.app/Contents/Developer/Toolchains/XcodeDefault.xctoolchain/usr/bin/clang -arch x86_64 -isysroot /Applications/Xcode.app/Contents/Developer/Platforms/MacOSX.platform/Developer/SDKs/MacOSX10.8.sdk -L/Users/arkygeek/QtProjects/macsur-adapter/src/MacsurAdapter/buildXcode/CMakeFiles/CMakeTmp/Debug -F/Users/arkygeek/QtProjects/macsur-adapter/src/MacsurAdapter/buildXcode/CMakeFiles/CMakeTmp/Debug -filelist /Users/arkygeek/QtProjects/macsur-adapter/src/MacsurAdapter/buildXcode/CMakeFiles/CMakeTmp/CMAKE_TRY_COMPILE.build/Debug/cmTryCompileExec1538977155.build/Objects-normal/x86_64/cmTryCompileExec1538977155.LinkFileList -mmacosx-version-min=10.8 -v -Wl,-search_paths_first -Wl,-headerpad_max_install_names -o /Users/arkygeek/QtProjects/macsur-adapter/src/MacsurAdapter/buildXcode/CMakeFiles/CMakeTmp/Debug/cmTryCompileExec1538977155
Apple LLVM version 4.2 (clang-425.0.28) (based on LLVM 3.2svn)
Target: x86_64-apple-darwin12.3.0
Thread model: posix
 "/Applications/Xcode.app/Contents/Developer/Toolchains/XcodeDefault.xctoolchain/usr/bin/ld" -demangle -dynamic -arch x86_64 -macosx_version_min 10.8.0 -syslibroot /Applications/Xcode.app/Contents/Developer/Platforms/MacOSX.platform/Developer/SDKs/MacOSX10.8.sdk -o /Users/arkygeek/QtProjects/macsur-adapter/src/MacsurAdapter/buildXcode/CMakeFiles/CMakeTmp/Debug/cmTryCompileExec1538977155 -L/Users/arkygeek/QtProjects/macsur-adapter/src/MacsurAdapter/buildXcode/CMakeFiles/CMakeTmp/Debug -filelist /Users/arkygeek/QtProjects/macsur-adapter/src/MacsurAdapter/buildXcode/CMakeFiles/CMakeTmp/CMAKE_TRY_COMPILE.build/Debug/cmTryCompileExec1538977155.build/Objects-normal/x86_64/cmTryCompileExec1538977155.LinkFileList -search_paths_first -headerpad_max_install_names -lSystem /Applications/Xcode.app/Contents/Developer/Toolchains/XcodeDefault.xctoolchain/usr/bin/../lib/clang/4.2/lib/darwin/libclang_rt.osx.a -F/Users/arkygeek/QtProjects/macsur-adapter/src/MacsurAdapter/buildXcode/CMakeFiles/CMakeTmp/Debug

PhaseScriptExecution "CMake PostBuild Rules" CMAKE_TRY_COMPILE.build/Debug/cmTryCompileExec1538977155.build/Script-19EB725BEDE54C30AC75C6B3.sh
    cd /Users/arkygeek/QtProjects/macsur-adapter/src/MacsurAdapter/buildXcode/CMakeFiles/CMakeTmp
    /bin/sh -c /Users/arkygeek/QtProjects/macsur-adapter/src/MacsurAdapter/buildXcode/CMakeFiles/CMakeTmp/CMAKE_TRY_COMPILE.build/Debug/cmTryCompileExec1538977155.build/Script-19EB725BEDE54C30AC75C6B3.sh
echo "Depend check for xcode"
Depend check for xcode
cd /Users/arkygeek/QtProjects/macsur-adapter/src/MacsurAdapter/buildXcode/CMakeFiles/CMakeTmp && make -C /Users/arkygeek/QtProjects/macsur-adapter/src/MacsurAdapter/buildXcode/CMakeFiles/CMakeTmp -f /Users/arkygeek/QtProjects/macsur-adapter/src/MacsurAdapter/buildXcode/CMakeFiles/CMakeTmp/CMakeScripts/XCODE_DEPEND_HELPER.make PostBuild.cmTryCompileExec1538977155.Debug
make[1]: Nothing to be done for `PostBuild.cmTryCompileExec1538977155.Debug'.


** BUILD SUCCEEDED **



Determining if the CXX compiler works passed with the following output:
Change Dir: /Users/arkygeek/QtProjects/macsur-adapter/src/MacsurAdapter/buildXcode/CMakeFiles/CMakeTmp

Run Build Command:/Applications/CMake\ 2.8-10.app/Contents/bin/cmakexbuild -project CMAKE_TRY_COMPILE.xcodeproj build -target cmTryCompileExec1072736084 -configuration Debug
=== BUILD NATIVE TARGET cmTryCompileExec1072736084 OF PROJECT CMAKE_TRY_COMPILE WITH CONFIGURATION Debug ===
Check dependencies

CompileC CMAKE_TRY_COMPILE.build/Debug/cmTryCompileExec1072736084.build/Objects-normal/x86_64/testCXXCompiler.o testCXXCompiler.cxx normal x86_64 c++ com.apple.compilers.llvm.clang.1_0.compiler
    cd /Users/arkygeek/QtProjects/macsur-adapter/src/MacsurAdapter/buildXcode/CMakeFiles/CMakeTmp
    /Applications/Xcode.app/Contents/Developer/Toolchains/XcodeDefault.xctoolchain/usr/bin/clang -x c++ -arch x86_64 -fmessage-length=0 -Wno-trigraphs -fpascal-strings -O0 -Wno-missing-field-initializers -Wno-missing-prototypes -Wno-return-type -Wno-non-virtual-dtor -Wno-overloaded-virtual -Wno-exit-time-destructors -Wformat -Wno-missing-braces -Wparentheses -Wswitch -Wno-unused-function -Wno-unused-label -Wno-unused-parameter -Wno-unused-variable -Wunused-value -Wno-empty-body -Wno-uninitialized -Wno-unknown-pragmas -Wno-shadow -Wno-four-char-constants -Wno-conversion -Wno-constant-conversion -Wno-int-conversion -Wno-enum-conversion -Wno-shorten-64-to-32 -Wno-newline-eof -Wno-c++11-extensions "-DCMAKE_INTDIR=\"Debug\"" -isysroot /Applications/Xcode.app/Contents/Developer/Platforms/MacOSX.platform/Developer/SDKs/MacOSX10.8.sdk -fasm-blocks -fstrict-aliasing -Wdeprecated-declarations -Winvalid-offsetof -mmacosx-version-min=10.8 -Wno-sign-conversion -I/Users/arkygeek/QtProjects/macsur-adapter/src/MacsurAdapter/buildXcode/CMakeFiles/CMakeTmp/Debug/include -I/Applications/Xcode.app/Contents/Developer/Toolchains/XcodeDefault.xctoolchain/usr/include -I/Applications/Xcode.app/Contents/Developer/Toolchains/XcodeDefault.xctoolchain/usr/include -I/Applications/Xcode.app/Contents/Developer/Toolchains/XcodeDefault.xctoolchain/usr/include -I/Users/arkygeek/QtProjects/macsur-adapter/src/MacsurAdapter/buildXcode/CMakeFiles/CMakeTmp/CMAKE_TRY_COMPILE.build/Debug/cmTryCompileExec1072736084.build/DerivedSources/x86_64 -I/Users/arkygeek/QtProjects/macsur-adapter/src/MacsurAdapter/buildXcode/CMakeFiles/CMakeTmp/CMAKE_TRY_COMPILE.build/Debug/cmTryCompileExec1072736084.build/DerivedSources -Wmost -Wno-four-char-constants -Wno-unknown-pragmas -F/Users/arkygeek/QtProjects/macsur-adapter/src/MacsurAdapter/buildXcode/CMakeFiles/CMakeTmp/Debug -g -MMD -MT dependencies -MF /Users/arkygeek/QtProjects/macsur-adapter/src/MacsurAdapter/buildXcode/CMakeFiles/CMakeTmp/CMAKE_TRY_COMPILE.build/Debug/cmTryCompileExec1072736084.build/Objects-normal/x86_64/testCXXCompiler.d --serialize-diagnostics /Users/arkygeek/QtProjects/macsur-adapter/src/MacsurAdapter/buildXcode/CMakeFiles/CMakeTmp/CMAKE_TRY_COMPILE.build/Debug/cmTryCompileExec1072736084.build/Objects-normal/x86_64/testCXXCompiler.dia -c /Users/arkygeek/QtProjects/macsur-adapter/src/MacsurAdapter/buildXcode/CMakeFiles/CMakeTmp/testCXXCompiler.cxx -o /Users/arkygeek/QtProjects/macsur-adapter/src/MacsurAdapter/buildXcode/CMakeFiles/CMakeTmp/CMAKE_TRY_COMPILE.build/Debug/cmTryCompileExec1072736084.build/Objects-normal/x86_64/testCXXCompiler.o

Ld Debug/cmTryCompileExec1072736084 normal x86_64
    cd /Users/arkygeek/QtProjects/macsur-adapter/src/MacsurAdapter/buildXcode/CMakeFiles/CMakeTmp
    /Applications/Xcode.app/Contents/Developer/Toolchains/XcodeDefault.xctoolchain/usr/bin/clang++ -arch x86_64 -isysroot /Applications/Xcode.app/Contents/Developer/Platforms/MacOSX.platform/Developer/SDKs/MacOSX10.8.sdk -L/Users/arkygeek/QtProjects/macsur-adapter/src/MacsurAdapter/buildXcode/CMakeFiles/CMakeTmp/Debug -F/Users/arkygeek/QtProjects/macsur-adapter/src/MacsurAdapter/buildXcode/CMakeFiles/CMakeTmp/Debug -filelist /Users/arkygeek/QtProjects/macsur-adapter/src/MacsurAdapter/buildXcode/CMakeFiles/CMakeTmp/CMAKE_TRY_COMPILE.build/Debug/cmTryCompileExec1072736084.build/Objects-normal/x86_64/cmTryCompileExec1072736084.LinkFileList -mmacosx-version-min=10.8 -Wl,-search_paths_first -Wl,-headerpad_max_install_names -o /Users/arkygeek/QtProjects/macsur-adapter/src/MacsurAdapter/buildXcode/CMakeFiles/CMakeTmp/Debug/cmTryCompileExec1072736084

PhaseScriptExecution "CMake PostBuild Rules" CMAKE_TRY_COMPILE.build/Debug/cmTryCompileExec1072736084.build/Script-3B7509E1B867449DAE422120.sh
    cd /Users/arkygeek/QtProjects/macsur-adapter/src/MacsurAdapter/buildXcode/CMakeFiles/CMakeTmp
    /bin/sh -c /Users/arkygeek/QtProjects/macsur-adapter/src/MacsurAdapter/buildXcode/CMakeFiles/CMakeTmp/CMAKE_TRY_COMPILE.build/Debug/cmTryCompileExec1072736084.build/Script-3B7509E1B867449DAE422120.sh
echo "Depend check for xcode"
Depend check for xcode
cd /Users/arkygeek/QtProjects/macsur-adapter/src/MacsurAdapter/buildXcode/CMakeFiles/CMakeTmp && make -C /Users/arkygeek/QtProjects/macsur-adapter/src/MacsurAdapter/buildXcode/CMakeFiles/CMakeTmp -f /Users/arkygeek/QtProjects/macsur-adapter/src/MacsurAdapter/buildXcode/CMakeFiles/CMakeTmp/CMakeScripts/XCODE_DEPEND_HELPER.make PostBuild.cmTryCompileExec1072736084.Debug
make[1]: Nothing to be done for `PostBuild.cmTryCompileExec1072736084.Debug'.


** BUILD SUCCEEDED **



Detecting CXX compiler ABI info compiled with the following output:
Change Dir: /Users/arkygeek/QtProjects/macsur-adapter/src/MacsurAdapter/buildXcode/CMakeFiles/CMakeTmp

Run Build Command:/Applications/CMake\ 2.8-10.app/Contents/bin/cmakexbuild -project CMAKE_TRY_COMPILE.xcodeproj build -target cmTryCompileExec3974912889 -configuration Debug
=== BUILD NATIVE TARGET cmTryCompileExec3974912889 OF PROJECT CMAKE_TRY_COMPILE WITH CONFIGURATION Debug ===
Check dependencies

CompileC CMAKE_TRY_COMPILE.build/Debug/cmTryCompileExec3974912889.build/Objects-normal/x86_64/CMakeCXXCompilerABI.o "../../../../../../../../../Applications/CMake 2.8-10.app/Contents/share/cmake-2.8/Modules/CMakeCXXCompilerABI.cpp" normal x86_64 c++ com.apple.compilers.llvm.clang.1_0.compiler
    cd /Users/arkygeek/QtProjects/macsur-adapter/src/MacsurAdapter/buildXcode/CMakeFiles/CMakeTmp
    /Applications/Xcode.app/Contents/Developer/Toolchains/XcodeDefault.xctoolchain/usr/bin/clang -x c++ -arch x86_64 -fmessage-length=0 -Wno-trigraphs -fpascal-strings -O0 -Wno-missing-field-initializers -Wno-missing-prototypes -Wno-return-type -Wno-non-virtual-dtor -Wno-overloaded-virtual -Wno-exit-time-destructors -Wformat -Wno-missing-braces -Wparentheses -Wswitch -Wno-unused-function -Wno-unused-label -Wno-unused-parameter -Wno-unused-variable -Wunused-value -Wno-empty-body -Wno-uninitialized -Wno-unknown-pragmas -Wno-shadow -Wno-four-char-constants -Wno-conversion -Wno-constant-conversion -Wno-int-conversion -Wno-enum-conversion -Wno-shorten-64-to-32 -Wno-newline-eof -Wno-c++11-extensions "-DCMAKE_INTDIR=\"Debug\"" -isysroot /Applications/Xcode.app/Contents/Developer/Platforms/MacOSX.platform/Developer/SDKs/MacOSX10.8.sdk -fasm-blocks -fstrict-aliasing -Wdeprecated-declarations -Winvalid-offsetof -mmacosx-version-min=10.8 -Wno-sign-conversion -I/Users/arkygeek/QtProjects/macsur-adapter/src/MacsurAdapter/buildXcode/CMakeFiles/CMakeTmp/Debug/include -I/Applications/Xcode.app/Contents/Developer/Toolchains/XcodeDefault.xctoolchain/usr/include -I/Applications/Xcode.app/Contents/Developer/Toolchains/XcodeDefault.xctoolchain/usr/include -I/Applications/Xcode.app/Contents/Developer/Toolchains/XcodeDefault.xctoolchain/usr/include -I/Users/arkygeek/QtProjects/macsur-adapter/src/MacsurAdapter/buildXcode/CMakeFiles/CMakeTmp/CMAKE_TRY_COMPILE.build/Debug/cmTryCompileExec3974912889.build/DerivedSources/x86_64 -I/Users/arkygeek/QtProjects/macsur-adapter/src/MacsurAdapter/buildXcode/CMakeFiles/CMakeTmp/CMAKE_TRY_COMPILE.build/Debug/cmTryCompileExec3974912889.build/DerivedSources -Wmost -Wno-four-char-constants -Wno-unknown-pragmas -F/Users/arkygeek/QtProjects/macsur-adapter/src/MacsurAdapter/buildXcode/CMakeFiles/CMakeTmp/Debug -g -MMD -MT dependencies -MF /Users/arkygeek/QtProjects/macsur-adapter/src/MacsurAdapter/buildXcode/CMakeFiles/CMakeTmp/CMAKE_TRY_COMPILE.build/Debug/cmTryCompileExec3974912889.build/Objects-normal/x86_64/CMakeCXXCompilerABI.d --serialize-diagnostics /Users/arkygeek/QtProjects/macsur-adapter/src/MacsurAdapter/buildXcode/CMakeFiles/CMakeTmp/CMAKE_TRY_COMPILE.build/Debug/cmTryCompileExec3974912889.build/Objects-normal/x86_64/CMakeCXXCompilerABI.dia -c "/Users/arkygeek/QtProjects/macsur-adapter/src/MacsurAdapter/buildXcode/CMakeFiles/CMakeTmp/../../../../../../../../../Applications/CMake 2.8-10.app/Contents/share/cmake-2.8/Modules/CMakeCXXCompilerABI.cpp" -o /Users/arkygeek/QtProjects/macsur-adapter/src/MacsurAdapter/buildXcode/CMakeFiles/CMakeTmp/CMAKE_TRY_COMPILE.build/Debug/cmTryCompileExec3974912889.build/Objects-normal/x86_64/CMakeCXXCompilerABI.o

Ld Debug/cmTryCompileExec3974912889 normal x86_64
    cd /Users/arkygeek/QtProjects/macsur-adapter/src/MacsurAdapter/buildXcode/CMakeFiles/CMakeTmp
    /Applications/Xcode.app/Contents/Developer/Toolchains/XcodeDefault.xctoolchain/usr/bin/clang++ -arch x86_64 -isysroot /Applications/Xcode.app/Contents/Developer/Platforms/MacOSX.platform/Developer/SDKs/MacOSX10.8.sdk -L/Users/arkygeek/QtProjects/macsur-adapter/src/MacsurAdapter/buildXcode/CMakeFiles/CMakeTmp/Debug -F/Users/arkygeek/QtProjects/macsur-adapter/src/MacsurAdapter/buildXcode/CMakeFiles/CMakeTmp/Debug -filelist /Users/arkygeek/QtProjects/macsur-adapter/src/MacsurAdapter/buildXcode/CMakeFiles/CMakeTmp/CMAKE_TRY_COMPILE.build/Debug/cmTryCompileExec3974912889.build/Objects-normal/x86_64/cmTryCompileExec3974912889.LinkFileList -mmacosx-version-min=10.8 -v -Wl,-search_paths_first -Wl,-headerpad_max_install_names -o /Users/arkygeek/QtProjects/macsur-adapter/src/MacsurAdapter/buildXcode/CMakeFiles/CMakeTmp/Debug/cmTryCompileExec3974912889
Apple LLVM version 4.2 (clang-425.0.28) (based on LLVM 3.2svn)
Target: x86_64-apple-darwin12.3.0
Thread model: posix
 "/Applications/Xcode.app/Contents/Developer/Toolchains/XcodeDefault.xctoolchain/usr/bin/ld" -demangle -dynamic -arch x86_64 -macosx_version_min 10.8.0 -syslibroot /Applications/Xcode.app/Contents/Developer/Platforms/MacOSX.platform/Developer/SDKs/MacOSX10.8.sdk -o /Users/arkygeek/QtProjects/macsur-adapter/src/MacsurAdapter/buildXcode/CMakeFiles/CMakeTmp/Debug/cmTryCompileExec3974912889 -L/Users/arkygeek/QtProjects/macsur-adapter/src/MacsurAdapter/buildXcode/CMakeFiles/CMakeTmp/Debug -filelist /Users/arkygeek/QtProjects/macsur-adapter/src/MacsurAdapter/buildXcode/CMakeFiles/CMakeTmp/CMAKE_TRY_COMPILE.build/Debug/cmTryCompileExec3974912889.build/Objects-normal/x86_64/cmTryCompileExec3974912889.LinkFileList -search_paths_first -headerpad_max_install_names -lstdc++ -lSystem /Applications/Xcode.app/Contents/Developer/Toolchains/XcodeDefault.xctoolchain/usr/bin/../lib/clang/4.2/lib/darwin/libclang_rt.osx.a -F/Users/arkygeek/QtProjects/macsur-adapter/src/MacsurAdapter/buildXcode/CMakeFiles/CMakeTmp/Debug

PhaseScriptExecution "CMake PostBuild Rules" CMAKE_TRY_COMPILE.build/Debug/cmTryCompileExec3974912889.build/Script-EA242824114C463FA4EA6A63.sh
    cd /Users/arkygeek/QtProjects/macsur-adapter/src/MacsurAdapter/buildXcode/CMakeFiles/CMakeTmp
    /bin/sh -c /Users/arkygeek/QtProjects/macsur-adapter/src/MacsurAdapter/buildXcode/CMakeFiles/CMakeTmp/CMAKE_TRY_COMPILE.build/Debug/cmTryCompileExec3974912889.build/Script-EA242824114C463FA4EA6A63.sh
echo "Depend check for xcode"
Depend check for xcode
cd /Users/arkygeek/QtProjects/macsur-adapter/src/MacsurAdapter/buildXcode/CMakeFiles/CMakeTmp && make -C /Users/arkygeek/QtProjects/macsur-adapter/src/MacsurAdapter/buildXcode/CMakeFiles/CMakeTmp -f /Users/arkygeek/QtProjects/macsur-adapter/src/MacsurAdapter/buildXcode/CMakeFiles/CMakeTmp/CMakeScripts/XCODE_DEPEND_HELPER.make PostBuild.cmTryCompileExec3974912889.Debug
make[1]: Nothing to be done for `PostBuild.cmTryCompileExec3974912889.Debug'.


** BUILD SUCCEEDED **



Determining if the Q_WS_MAC exist passed with the following output:
Change Dir: /Users/arkygeek/QtProjects/macsur-adapter/src/MacsurAdapter/buildXcode/CMakeFiles/CMakeTmp

Run Build Command:/Applications/CMake\ 2.8-10.app/Contents/bin/cmakexbuild -project CMAKE_TRY_COMPILE.xcodeproj build -target cmTryCompileExec2159301321 -configuration Debug
=== BUILD NATIVE TARGET cmTryCompileExec2159301321 OF PROJECT CMAKE_TRY_COMPILE WITH CONFIGURATION Debug ===
Check dependencies

CompileC CMAKE_TRY_COMPILE.build/Debug/cmTryCompileExec2159301321.build/Objects-normal/x86_64/CheckSymbolExists.o CheckSymbolExists.cxx normal x86_64 c++ com.apple.compilers.llvm.clang.1_0.compiler
    cd /Users/arkygeek/QtProjects/macsur-adapter/src/MacsurAdapter/buildXcode/CMakeFiles/CMakeTmp
    /Applications/Xcode.app/Contents/Developer/Toolchains/XcodeDefault.xctoolchain/usr/bin/clang -x c++ -arch x86_64 -fmessage-length=0 -Wno-trigraphs -fpascal-strings -O0 -Wno-missing-field-initializers -Wno-missing-prototypes -Wno-return-type -Wno-non-virtual-dtor -Wno-overloaded-virtual -Wno-exit-time-destructors -Wformat -Wno-missing-braces -Wparentheses -Wswitch -Wno-unused-function -Wno-unused-label -Wno-unused-parameter -Wno-unused-variable -Wunused-value -Wno-empty-body -Wno-uninitialized -Wno-unknown-pragmas -Wno-shadow -Wno-four-char-constants -Wno-conversion -Wno-constant-conversion -Wno-int-conversion -Wno-enum-conversion -Wno-shorten-64-to-32 -Wno-newline-eof -Wno-c++11-extensions "-DCMAKE_INTDIR=\"Debug\"" -isysroot /Applications/Xcode.app/Contents/Developer/Platforms/MacOSX.platform/Developer/SDKs/MacOSX10.8.sdk -fasm-blocks -fstrict-aliasing -Wdeprecated-declarations -Winvalid-offsetof -mmacosx-version-min=10.8 -Wno-sign-conversion -I/Users/arkygeek/QtProjects/macsur-adapter/src/MacsurAdapter/buildXcode/CMakeFiles/CMakeTmp/Debug/include -I/Applications/Xcode.app/Contents/Developer/Toolchains/XcodeDefault.xctoolchain/usr/include -I/Applications/Xcode.app/Contents/Developer/Toolchains/XcodeDefault.xctoolchain/usr/include -I/Applications/Xcode.app/Contents/Developer/Toolchains/XcodeDefault.xctoolchain/usr/include -I/Users/arkygeek/QtProjects/macsur-adapter/src/MacsurAdapter/buildXcode/CMakeFiles/CMakeTmp/CMAKE_TRY_COMPILE.build/Debug/cmTryCompileExec2159301321.build/DerivedSources/x86_64 -I/Users/arkygeek/QtProjects/macsur-adapter/src/MacsurAdapter/buildXcode/CMakeFiles/CMakeTmp/CMAKE_TRY_COMPILE.build/Debug/cmTryCompileExec2159301321.build/DerivedSources -Wmost -Wno-four-char-constants -Wno-unknown-pragmas -F/Users/arkygeek/QtProjects/macsur-adapter/src/MacsurAdapter/buildXcode/CMakeFiles/CMakeTmp/Debug -F/Library/Frameworks -g -MMD -MT dependencies -MF /Users/arkygeek/QtProjects/macsur-adapter/src/MacsurAdapter/buildXcode/CMakeFiles/CMakeTmp/CMAKE_TRY_COMPILE.build/Debug/cmTryCompileExec2159301321.build/Objects-normal/x86_64/CheckSymbolExists.d --serialize-diagnostics /Users/arkygeek/QtProjects/macsur-adapter/src/MacsurAdapter/buildXcode/CMakeFiles/CMakeTmp/CMAKE_TRY_COMPILE.build/Debug/cmTryCompileExec2159301321.build/Objects-normal/x86_64/CheckSymbolExists.dia -c /Users/arkygeek/QtProjects/macsur-adapter/src/MacsurAdapter/buildXcode/CMakeFiles/CMakeTmp/CheckSymbolExists.cxx -o /Users/arkygeek/QtProjects/macsur-adapter/src/MacsurAdapter/buildXcode/CMakeFiles/CMakeTmp/CMAKE_TRY_COMPILE.build/Debug/cmTryCompileExec2159301321.build/Objects-normal/x86_64/CheckSymbolExists.o

Ld Debug/cmTryCompileExec2159301321 normal x86_64
    cd /Users/arkygeek/QtProjects/macsur-adapter/src/MacsurAdapter/buildXcode/CMakeFiles/CMakeTmp
    /Applications/Xcode.app/Contents/Developer/Toolchains/XcodeDefault.xctoolchain/usr/bin/clang++ -arch x86_64 -isysroot /Applications/Xcode.app/Contents/Developer/Platforms/MacOSX.platform/Developer/SDKs/MacOSX10.8.sdk -L/Users/arkygeek/QtProjects/macsur-adapter/src/MacsurAdapter/buildXcode/CMakeFiles/CMakeTmp/Debug -F/Users/arkygeek/QtProjects/macsur-adapter/src/MacsurAdapter/buildXcode/CMakeFiles/CMakeTmp/Debug -F/Library/Frameworks -filelist /Users/arkygeek/QtProjects/macsur-adapter/src/MacsurAdapter/buildXcode/CMakeFiles/CMakeTmp/CMAKE_TRY_COMPILE.build/Debug/cmTryCompileExec2159301321.build/Objects-normal/x86_64/cmTryCompileExec2159301321.LinkFileList -mmacosx-version-min=10.8 -Wl,-search_paths_first -Wl,-headerpad_max_install_names -o /Users/arkygeek/QtProjects/macsur-adapter/src/MacsurAdapter/buildXcode/CMakeFiles/CMakeTmp/Debug/cmTryCompileExec2159301321

PhaseScriptExecution "CMake PostBuild Rules" CMAKE_TRY_COMPILE.build/Debug/cmTryCompileExec2159301321.build/Script-7547AA5EE34046D1B4880F15.sh
    cd /Users/arkygeek/QtProjects/macsur-adapter/src/MacsurAdapter/buildXcode/CMakeFiles/CMakeTmp
    /bin/sh -c /Users/arkygeek/QtProjects/macsur-adapter/src/MacsurAdapter/buildXcode/CMakeFiles/CMakeTmp/CMAKE_TRY_COMPILE.build/Debug/cmTryCompileExec2159301321.build/Script-7547AA5EE34046D1B4880F15.sh
echo "Depend check for xcode"
Depend check for xcode
cd /Users/arkygeek/QtProjects/macsur-adapter/src/MacsurAdapter/buildXcode/CMakeFiles/CMakeTmp && make -C /Users/arkygeek/QtProjects/macsur-adapter/src/MacsurAdapter/buildXcode/CMakeFiles/CMakeTmp -f /Users/arkygeek/QtProjects/macsur-adapter/src/MacsurAdapter/buildXcode/CMakeFiles/CMakeTmp/CMakeScripts/XCODE_DEPEND_HELPER.make PostBuild.cmTryCompileExec2159301321.Debug
make[1]: Nothing to be done for `PostBuild.cmTryCompileExec2159301321.Debug'.


** BUILD SUCCEEDED **


File /Users/arkygeek/QtProjects/macsur-adapter/src/MacsurAdapter/buildXcode/CMakeFiles/CMakeTmp/CheckSymbolExists.cxx:
/* */
#include <QtCore/qglobal.h>

int main(int argc, char** argv)
{
  (void)argv;
#ifndef Q_WS_MAC
  return ((int*)(&Q_WS_MAC))[argc];
#else
  (void)argc;
  return 0;
#endif
}

Determining if the QT_MAC_USE_COCOA exist passed with the following output:
Change Dir: /Users/arkygeek/QtProjects/macsur-adapter/src/MacsurAdapter/buildXcode/CMakeFiles/CMakeTmp

Run Build Command:/Applications/CMake\ 2.8-10.app/Contents/bin/cmakexbuild -project CMAKE_TRY_COMPILE.xcodeproj build -target cmTryCompileExec2698118792 -configuration Debug
=== BUILD NATIVE TARGET cmTryCompileExec2698118792 OF PROJECT CMAKE_TRY_COMPILE WITH CONFIGURATION Debug ===
Check dependencies

CompileC CMAKE_TRY_COMPILE.build/Debug/cmTryCompileExec2698118792.build/Objects-normal/x86_64/CheckSymbolExists.o CheckSymbolExists.cxx normal x86_64 c++ com.apple.compilers.llvm.clang.1_0.compiler
    cd /Users/arkygeek/QtProjects/macsur-adapter/src/MacsurAdapter/buildXcode/CMakeFiles/CMakeTmp
    /Applications/Xcode.app/Contents/Developer/Toolchains/XcodeDefault.xctoolchain/usr/bin/clang -x c++ -arch x86_64 -fmessage-length=0 -Wno-trigraphs -fpascal-strings -O0 -Wno-missing-field-initializers -Wno-missing-prototypes -Wno-return-type -Wno-non-virtual-dtor -Wno-overloaded-virtual -Wno-exit-time-destructors -Wformat -Wno-missing-braces -Wparentheses -Wswitch -Wno-unused-function -Wno-unused-label -Wno-unused-parameter -Wno-unused-variable -Wunused-value -Wno-empty-body -Wno-uninitialized -Wno-unknown-pragmas -Wno-shadow -Wno-four-char-constants -Wno-conversion -Wno-constant-conversion -Wno-int-conversion -Wno-enum-conversion -Wno-shorten-64-to-32 -Wno-newline-eof -Wno-c++11-extensions "-DCMAKE_INTDIR=\"Debug\"" -isysroot /Applications/Xcode.app/Contents/Developer/Platforms/MacOSX.platform/Developer/SDKs/MacOSX10.8.sdk -fasm-blocks -fstrict-aliasing -Wdeprecated-declarations -Winvalid-offsetof -mmacosx-version-min=10.8 -Wno-sign-conversion -I/Users/arkygeek/QtProjects/macsur-adapter/src/MacsurAdapter/buildXcode/CMakeFiles/CMakeTmp/Debug/include -I/Applications/Xcode.app/Contents/Developer/Toolchains/XcodeDefault.xctoolchain/usr/include -I/Applications/Xcode.app/Contents/Developer/Toolchains/XcodeDefault.xctoolchain/usr/include -I/Applications/Xcode.app/Contents/Developer/Toolchains/XcodeDefault.xctoolchain/usr/include -I/Users/arkygeek/QtProjects/macsur-adapter/src/MacsurAdapter/buildXcode/CMakeFiles/CMakeTmp/CMAKE_TRY_COMPILE.build/Debug/cmTryCompileExec2698118792.build/DerivedSources/x86_64 -I/Users/arkygeek/QtProjects/macsur-adapter/src/MacsurAdapter/buildXcode/CMakeFiles/CMakeTmp/CMAKE_TRY_COMPILE.build/Debug/cmTryCompileExec2698118792.build/DerivedSources -Wmost -Wno-four-char-constants -Wno-unknown-pragmas -F/Users/arkygeek/QtProjects/macsur-adapter/src/MacsurAdapter/buildXcode/CMakeFiles/CMakeTmp/Debug -F/Library/Frameworks -g -MMD -MT dependencies -MF /Users/arkygeek/QtProjects/macsur-adapter/src/MacsurAdapter/buildXcode/CMakeFiles/CMakeTmp/CMAKE_TRY_COMPILE.build/Debug/cmTryCompileExec2698118792.build/Objects-normal/x86_64/CheckSymbolExists.d --serialize-diagnostics /Users/arkygeek/QtProjects/macsur-adapter/src/MacsurAdapter/buildXcode/CMakeFiles/CMakeTmp/CMAKE_TRY_COMPILE.build/Debug/cmTryCompileExec2698118792.build/Objects-normal/x86_64/CheckSymbolExists.dia -c /Users/arkygeek/QtProjects/macsur-adapter/src/MacsurAdapter/buildXcode/CMakeFiles/CMakeTmp/CheckSymbolExists.cxx -o /Users/arkygeek/QtProjects/macsur-adapter/src/MacsurAdapter/buildXcode/CMakeFiles/CMakeTmp/CMAKE_TRY_COMPILE.build/Debug/cmTryCompileExec2698118792.build/Objects-normal/x86_64/CheckSymbolExists.o

Ld Debug/cmTryCompileExec2698118792 normal x86_64
    cd /Users/arkygeek/QtProjects/macsur-adapter/src/MacsurAdapter/buildXcode/CMakeFiles/CMakeTmp
    /Applications/Xcode.app/Contents/Developer/Toolchains/XcodeDefault.xctoolchain/usr/bin/clang++ -arch x86_64 -isysroot /Applications/Xcode.app/Contents/Developer/Platforms/MacOSX.platform/Developer/SDKs/MacOSX10.8.sdk -L/Users/arkygeek/QtProjects/macsur-adapter/src/MacsurAdapter/buildXcode/CMakeFiles/CMakeTmp/Debug -F/Users/arkygeek/QtProjects/macsur-adapter/src/MacsurAdapter/buildXcode/CMakeFiles/CMakeTmp/Debug -F/Library/Frameworks -filelist /Users/arkygeek/QtProjects/macsur-adapter/src/MacsurAdapter/buildXcode/CMakeFiles/CMakeTmp/CMAKE_TRY_COMPILE.build/Debug/cmTryCompileExec2698118792.build/Objects-normal/x86_64/cmTryCompileExec2698118792.LinkFileList -mmacosx-version-min=10.8 -Wl,-search_paths_first -Wl,-headerpad_max_install_names -o /Users/arkygeek/QtProjects/macsur-adapter/src/MacsurAdapter/buildXcode/CMakeFiles/CMakeTmp/Debug/cmTryCompileExec2698118792

PhaseScriptExecution "CMake PostBuild Rules" CMAKE_TRY_COMPILE.build/Debug/cmTryCompileExec2698118792.build/Script-9DAFABD8952D4D8BA325BEE6.sh
    cd /Users/arkygeek/QtProjects/macsur-adapter/src/MacsurAdapter/buildXcode/CMakeFiles/CMakeTmp
    /bin/sh -c /Users/arkygeek/QtProjects/macsur-adapter/src/MacsurAdapter/buildXcode/CMakeFiles/CMakeTmp/CMAKE_TRY_COMPILE.build/Debug/cmTryCompileExec2698118792.build/Script-9DAFABD8952D4D8BA325BEE6.sh
echo "Depend check for xcode"
Depend check for xcode
cd /Users/arkygeek/QtProjects/macsur-adapter/src/MacsurAdapter/buildXcode/CMakeFiles/CMakeTmp && make -C /Users/arkygeek/QtProjects/macsur-adapter/src/MacsurAdapter/buildXcode/CMakeFiles/CMakeTmp -f /Users/arkygeek/QtProjects/macsur-adapter/src/MacsurAdapter/buildXcode/CMakeFiles/CMakeTmp/CMakeScripts/XCODE_DEPEND_HELPER.make PostBuild.cmTryCompileExec2698118792.Debug
make[1]: Nothing to be done for `PostBuild.cmTryCompileExec2698118792.Debug'.


** BUILD SUCCEEDED **


File /Users/arkygeek/QtProjects/macsur-adapter/src/MacsurAdapter/buildXcode/CMakeFiles/CMakeTmp/CheckSymbolExists.cxx:
/* */
#include <QtCore/qconfig.h>

int main(int argc, char** argv)
{
  (void)argv;
#ifndef QT_MAC_USE_COCOA
  return ((int*)(&QT_MAC_USE_COCOA))[argc];
#else
  (void)argc;
  return 0;
#endif
}

